<?xml version="1.0" encoding="UTF-8"?>
<robot generator="Robot 4.1.2 (Python 3.9.7 on win32)" generated="20211027 19:40:14.661" rpa="false" schemaversion="2">
<suite id="s1" name="If" source="C:\Projects\Prime\PrimeExperts_25_10_21\prime_experts_turma_4\if">
<suite id="s1-s1" name="Test If" source="C:\Projects\Prime\PrimeExperts_25_10_21\prime_experts_turma_4\if\test_if.robot">
<test id="s1-s1-t1" name="Cenario: contando numeros em um determindo 'range'">
<kw name="contando de &quot;0&quot; ate &quot;10&quot; a procura dos numeros 5 ou 8" library="resource" sourcename="contando de &quot;${num_init}&quot; ate &quot;${num_final}&quot; a procura dos numeros 5 ou 8">
<msg timestamp="20211027 19:40:14.688" level="TRACE">Arguments: [ ${num_init}='0' | ${num_final}='10' ]</msg>
<for flavor="IN RANGE">
<var>${num}</var>
<value>${num_init}</value>
<value>${num_final}</value>
<iter>
<var name="${num}">0</var>
<if>
<branch type="IF" condition="${num}==5">
<kw name="Log To Console" library="BuiltIn">
<arg>\n estou no numero: ${num} \n</arg>
<doc>Logs the given message to the console.</doc>
<status status="NOT RUN" starttime="20211027 19:40:14.688" endtime="20211027 19:40:14.688"/>
</kw>
<status status="NOT RUN" starttime="20211027 19:40:14.688" endtime="20211027 19:40:14.688"/>
</branch>
<branch type="ELSE IF" condition="${num}==8">
<kw name="Log To Console" library="BuiltIn">
<arg>\n estou no numero: ${num} \n</arg>
<doc>Logs the given message to the console.</doc>
<status status="NOT RUN" starttime="20211027 19:40:14.689" endtime="20211027 19:40:14.689"/>
</kw>
<status status="NOT RUN" starttime="20211027 19:40:14.689" endtime="20211027 19:40:14.689"/>
</branch>
<status status="PASS" starttime="20211027 19:40:14.688" endtime="20211027 19:40:14.689"/>
</if>
<status status="PASS" starttime="20211027 19:40:14.688" endtime="20211027 19:40:14.689"/>
</iter>
<iter>
<var name="${num}">1</var>
<if>
<branch type="IF" condition="${num}==5">
<kw name="Log To Console" library="BuiltIn">
<arg>\n estou no numero: ${num} \n</arg>
<doc>Logs the given message to the console.</doc>
<status status="NOT RUN" starttime="20211027 19:40:14.689" endtime="20211027 19:40:14.689"/>
</kw>
<status status="NOT RUN" starttime="20211027 19:40:14.689" endtime="20211027 19:40:14.689"/>
</branch>
<branch type="ELSE IF" condition="${num}==8">
<kw name="Log To Console" library="BuiltIn">
<arg>\n estou no numero: ${num} \n</arg>
<doc>Logs the given message to the console.</doc>
<status status="NOT RUN" starttime="20211027 19:40:14.689" endtime="20211027 19:40:14.689"/>
</kw>
<status status="NOT RUN" starttime="20211027 19:40:14.689" endtime="20211027 19:40:14.689"/>
</branch>
<status status="PASS" starttime="20211027 19:40:14.689" endtime="20211027 19:40:14.689"/>
</if>
<status status="PASS" starttime="20211027 19:40:14.689" endtime="20211027 19:40:14.689"/>
</iter>
<iter>
<var name="${num}">2</var>
<if>
<branch type="IF" condition="${num}==5">
<kw name="Log To Console" library="BuiltIn">
<arg>\n estou no numero: ${num} \n</arg>
<doc>Logs the given message to the console.</doc>
<status status="NOT RUN" starttime="20211027 19:40:14.690" endtime="20211027 19:40:14.690"/>
</kw>
<status status="NOT RUN" starttime="20211027 19:40:14.690" endtime="20211027 19:40:14.690"/>
</branch>
<branch type="ELSE IF" condition="${num}==8">
<kw name="Log To Console" library="BuiltIn">
<arg>\n estou no numero: ${num} \n</arg>
<doc>Logs the given message to the console.</doc>
<status status="NOT RUN" starttime="20211027 19:40:14.690" endtime="20211027 19:40:14.690"/>
</kw>
<status status="NOT RUN" starttime="20211027 19:40:14.690" endtime="20211027 19:40:14.690"/>
</branch>
<status status="PASS" starttime="20211027 19:40:14.690" endtime="20211027 19:40:14.690"/>
</if>
<status status="PASS" starttime="20211027 19:40:14.690" endtime="20211027 19:40:14.690"/>
</iter>
<iter>
<var name="${num}">3</var>
<if>
<branch type="IF" condition="${num}==5">
<kw name="Log To Console" library="BuiltIn">
<arg>\n estou no numero: ${num} \n</arg>
<doc>Logs the given message to the console.</doc>
<status status="NOT RUN" starttime="20211027 19:40:14.691" endtime="20211027 19:40:14.691"/>
</kw>
<status status="NOT RUN" starttime="20211027 19:40:14.691" endtime="20211027 19:40:14.691"/>
</branch>
<branch type="ELSE IF" condition="${num}==8">
<kw name="Log To Console" library="BuiltIn">
<arg>\n estou no numero: ${num} \n</arg>
<doc>Logs the given message to the console.</doc>
<status status="NOT RUN" starttime="20211027 19:40:14.691" endtime="20211027 19:40:14.691"/>
</kw>
<status status="NOT RUN" starttime="20211027 19:40:14.691" endtime="20211027 19:40:14.691"/>
</branch>
<status status="PASS" starttime="20211027 19:40:14.691" endtime="20211027 19:40:14.691"/>
</if>
<status status="PASS" starttime="20211027 19:40:14.691" endtime="20211027 19:40:14.691"/>
</iter>
<iter>
<var name="${num}">4</var>
<if>
<branch type="IF" condition="${num}==5">
<kw name="Log To Console" library="BuiltIn">
<arg>\n estou no numero: ${num} \n</arg>
<doc>Logs the given message to the console.</doc>
<status status="NOT RUN" starttime="20211027 19:40:14.691" endtime="20211027 19:40:14.691"/>
</kw>
<status status="NOT RUN" starttime="20211027 19:40:14.691" endtime="20211027 19:40:14.691"/>
</branch>
<branch type="ELSE IF" condition="${num}==8">
<kw name="Log To Console" library="BuiltIn">
<arg>\n estou no numero: ${num} \n</arg>
<doc>Logs the given message to the console.</doc>
<status status="NOT RUN" starttime="20211027 19:40:14.692" endtime="20211027 19:40:14.692"/>
</kw>
<status status="NOT RUN" starttime="20211027 19:40:14.692" endtime="20211027 19:40:14.692"/>
</branch>
<status status="PASS" starttime="20211027 19:40:14.691" endtime="20211027 19:40:14.692"/>
</if>
<status status="PASS" starttime="20211027 19:40:14.691" endtime="20211027 19:40:14.692"/>
</iter>
<iter>
<var name="${num}">5</var>
<if>
<branch type="IF" condition="${num}==5">
<kw name="Log To Console" library="BuiltIn">
<arg>\n estou no numero: ${num} \n</arg>
<doc>Logs the given message to the console.</doc>
<msg timestamp="20211027 19:40:14.692" level="TRACE">Arguments: [ '\n estou no numero: 5 \n' ]</msg>
<msg timestamp="20211027 19:40:14.692" level="TRACE">Return: None</msg>
<status status="PASS" starttime="20211027 19:40:14.692" endtime="20211027 19:40:14.693"/>
</kw>
<status status="PASS" starttime="20211027 19:40:14.692" endtime="20211027 19:40:14.693"/>
</branch>
<branch type="ELSE IF" condition="${num}==8">
<kw name="Log To Console" library="BuiltIn">
<arg>\n estou no numero: ${num} \n</arg>
<doc>Logs the given message to the console.</doc>
<status status="NOT RUN" starttime="20211027 19:40:14.693" endtime="20211027 19:40:14.693"/>
</kw>
<status status="NOT RUN" starttime="20211027 19:40:14.693" endtime="20211027 19:40:14.693"/>
</branch>
<status status="PASS" starttime="20211027 19:40:14.692" endtime="20211027 19:40:14.693"/>
</if>
<status status="PASS" starttime="20211027 19:40:14.692" endtime="20211027 19:40:14.693"/>
</iter>
<iter>
<var name="${num}">6</var>
<if>
<branch type="IF" condition="${num}==5">
<kw name="Log To Console" library="BuiltIn">
<arg>\n estou no numero: ${num} \n</arg>
<doc>Logs the given message to the console.</doc>
<status status="NOT RUN" starttime="20211027 19:40:14.693" endtime="20211027 19:40:14.693"/>
</kw>
<status status="NOT RUN" starttime="20211027 19:40:14.693" endtime="20211027 19:40:14.693"/>
</branch>
<branch type="ELSE IF" condition="${num}==8">
<kw name="Log To Console" library="BuiltIn">
<arg>\n estou no numero: ${num} \n</arg>
<doc>Logs the given message to the console.</doc>
<status status="NOT RUN" starttime="20211027 19:40:14.694" endtime="20211027 19:40:14.694"/>
</kw>
<status status="NOT RUN" starttime="20211027 19:40:14.693" endtime="20211027 19:40:14.694"/>
</branch>
<status status="PASS" starttime="20211027 19:40:14.693" endtime="20211027 19:40:14.694"/>
</if>
<status status="PASS" starttime="20211027 19:40:14.693" endtime="20211027 19:40:14.694"/>
</iter>
<iter>
<var name="${num}">7</var>
<if>
<branch type="IF" condition="${num}==5">
<kw name="Log To Console" library="BuiltIn">
<arg>\n estou no numero: ${num} \n</arg>
<doc>Logs the given message to the console.</doc>
<status status="NOT RUN" starttime="20211027 19:40:14.694" endtime="20211027 19:40:14.694"/>
</kw>
<status status="NOT RUN" starttime="20211027 19:40:14.694" endtime="20211027 19:40:14.694"/>
</branch>
<branch type="ELSE IF" condition="${num}==8">
<kw name="Log To Console" library="BuiltIn">
<arg>\n estou no numero: ${num} \n</arg>
<doc>Logs the given message to the console.</doc>
<status status="NOT RUN" starttime="20211027 19:40:14.695" endtime="20211027 19:40:14.695"/>
</kw>
<status status="NOT RUN" starttime="20211027 19:40:14.695" endtime="20211027 19:40:14.695"/>
</branch>
<status status="PASS" starttime="20211027 19:40:14.694" endtime="20211027 19:40:14.695"/>
</if>
<status status="PASS" starttime="20211027 19:40:14.694" endtime="20211027 19:40:14.695"/>
</iter>
<iter>
<var name="${num}">8</var>
<if>
<branch type="IF" condition="${num}==5">
<kw name="Log To Console" library="BuiltIn">
<arg>\n estou no numero: ${num} \n</arg>
<doc>Logs the given message to the console.</doc>
<status status="NOT RUN" starttime="20211027 19:40:14.695" endtime="20211027 19:40:14.695"/>
</kw>
<status status="NOT RUN" starttime="20211027 19:40:14.695" endtime="20211027 19:40:14.695"/>
</branch>
<branch type="ELSE IF" condition="${num}==8">
<kw name="Log To Console" library="BuiltIn">
<arg>\n estou no numero: ${num} \n</arg>
<doc>Logs the given message to the console.</doc>
<msg timestamp="20211027 19:40:14.696" level="TRACE">Arguments: [ '\n estou no numero: 8 \n' ]</msg>
<msg timestamp="20211027 19:40:14.696" level="TRACE">Return: None</msg>
<status status="PASS" starttime="20211027 19:40:14.695" endtime="20211027 19:40:14.696"/>
</kw>
<status status="PASS" starttime="20211027 19:40:14.695" endtime="20211027 19:40:14.696"/>
</branch>
<status status="PASS" starttime="20211027 19:40:14.695" endtime="20211027 19:40:14.696"/>
</if>
<status status="PASS" starttime="20211027 19:40:14.695" endtime="20211027 19:40:14.696"/>
</iter>
<iter>
<var name="${num}">9</var>
<if>
<branch type="IF" condition="${num}==5">
<kw name="Log To Console" library="BuiltIn">
<arg>\n estou no numero: ${num} \n</arg>
<doc>Logs the given message to the console.</doc>
<status status="NOT RUN" starttime="20211027 19:40:14.696" endtime="20211027 19:40:14.696"/>
</kw>
<status status="NOT RUN" starttime="20211027 19:40:14.696" endtime="20211027 19:40:14.696"/>
</branch>
<branch type="ELSE IF" condition="${num}==8">
<kw name="Log To Console" library="BuiltIn">
<arg>\n estou no numero: ${num} \n</arg>
<doc>Logs the given message to the console.</doc>
<status status="NOT RUN" starttime="20211027 19:40:14.696" endtime="20211027 19:40:14.696"/>
</kw>
<status status="NOT RUN" starttime="20211027 19:40:14.696" endtime="20211027 19:40:14.697"/>
</branch>
<status status="PASS" starttime="20211027 19:40:14.696" endtime="20211027 19:40:14.697"/>
</if>
<status status="PASS" starttime="20211027 19:40:14.696" endtime="20211027 19:40:14.697"/>
</iter>
<status status="PASS" starttime="20211027 19:40:14.688" endtime="20211027 19:40:14.697"/>
</for>
<msg timestamp="20211027 19:40:14.697" level="TRACE">Return: None</msg>
<status status="PASS" starttime="20211027 19:40:14.687" endtime="20211027 19:40:14.697"/>
</kw>
<status status="PASS" starttime="20211027 19:40:14.687" endtime="20211027 19:40:14.697"/>
</test>
<status status="PASS" starttime="20211027 19:40:14.684" endtime="20211027 19:40:14.698"/>
</suite>
<status status="PASS" starttime="20211027 19:40:14.662" endtime="20211027 19:40:14.699"/>
</suite>
<statistics>
<total>
<stat pass="1" fail="0" skip="0">All Tests</stat>
</total>
<tag>
</tag>
<suite>
<stat pass="1" fail="0" skip="0" id="s1" name="If">If</stat>
<stat pass="1" fail="0" skip="0" id="s1-s1" name="Test If">If.Test If</stat>
</suite>
</statistics>
<errors>
</errors>
</robot>
