<?xml version="1.0" encoding="UTF-8"?>
<robot generator="Robot 4.1.2 (Python 3.9.7 on win32)" generated="20211027 19:17:30.159" rpa="false" schemaversion="2">
<suite id="s1" name="For" source="C:\Projects\Prime\PrimeExperts_25_10_21\prime_experts_turma_4\For">
<suite id="s1-s1" name="Test For" source="C:\Projects\Prime\PrimeExperts_25_10_21\prime_experts_turma_4\For\test_for.robot">
<test id="s1-s1-t1" name="Cenario: contando numeros em um determindo 'range'">
<kw name="contando de &quot;1&quot; ate &quot;20&quot;" library="resource" sourcename="contando de &quot;${num_init}&quot; ate &quot;${num_final}&quot;">
<for flavor="IN RANGE">
<var>${num}</var>
<value>${num_init}</value>
<value>${num_final}</value>
<iter>
<var name="${num}">1</var>
<kw name="Log To Console" library="BuiltIn">
<arg>\n estou no numero: ${num} \n</arg>
<doc>Logs the given message to the console.</doc>
<status status="PASS" starttime="20211027 19:17:30.189" endtime="20211027 19:17:30.190"/>
</kw>
<status status="PASS" starttime="20211027 19:17:30.189" endtime="20211027 19:17:30.190"/>
</iter>
<iter>
<var name="${num}">2</var>
<kw name="Log To Console" library="BuiltIn">
<arg>\n estou no numero: ${num} \n</arg>
<doc>Logs the given message to the console.</doc>
<status status="PASS" starttime="20211027 19:17:30.190" endtime="20211027 19:17:30.191"/>
</kw>
<status status="PASS" starttime="20211027 19:17:30.190" endtime="20211027 19:17:30.191"/>
</iter>
<iter>
<var name="${num}">3</var>
<kw name="Log To Console" library="BuiltIn">
<arg>\n estou no numero: ${num} \n</arg>
<doc>Logs the given message to the console.</doc>
<status status="PASS" starttime="20211027 19:17:30.191" endtime="20211027 19:17:30.191"/>
</kw>
<status status="PASS" starttime="20211027 19:17:30.191" endtime="20211027 19:17:30.191"/>
</iter>
<iter>
<var name="${num}">4</var>
<kw name="Log To Console" library="BuiltIn">
<arg>\n estou no numero: ${num} \n</arg>
<doc>Logs the given message to the console.</doc>
<status status="PASS" starttime="20211027 19:17:30.192" endtime="20211027 19:17:30.192"/>
</kw>
<status status="PASS" starttime="20211027 19:17:30.192" endtime="20211027 19:17:30.192"/>
</iter>
<iter>
<var name="${num}">5</var>
<kw name="Log To Console" library="BuiltIn">
<arg>\n estou no numero: ${num} \n</arg>
<doc>Logs the given message to the console.</doc>
<status status="PASS" starttime="20211027 19:17:30.193" endtime="20211027 19:17:30.194"/>
</kw>
<status status="PASS" starttime="20211027 19:17:30.193" endtime="20211027 19:17:30.194"/>
</iter>
<iter>
<var name="${num}">6</var>
<kw name="Log To Console" library="BuiltIn">
<arg>\n estou no numero: ${num} \n</arg>
<doc>Logs the given message to the console.</doc>
<status status="PASS" starttime="20211027 19:17:30.194" endtime="20211027 19:17:30.195"/>
</kw>
<status status="PASS" starttime="20211027 19:17:30.194" endtime="20211027 19:17:30.195"/>
</iter>
<iter>
<var name="${num}">7</var>
<kw name="Log To Console" library="BuiltIn">
<arg>\n estou no numero: ${num} \n</arg>
<doc>Logs the given message to the console.</doc>
<status status="PASS" starttime="20211027 19:17:30.195" endtime="20211027 19:17:30.195"/>
</kw>
<status status="PASS" starttime="20211027 19:17:30.195" endtime="20211027 19:17:30.195"/>
</iter>
<iter>
<var name="${num}">8</var>
<kw name="Log To Console" library="BuiltIn">
<arg>\n estou no numero: ${num} \n</arg>
<doc>Logs the given message to the console.</doc>
<status status="PASS" starttime="20211027 19:17:30.195" endtime="20211027 19:17:30.196"/>
</kw>
<status status="PASS" starttime="20211027 19:17:30.195" endtime="20211027 19:17:30.196"/>
</iter>
<iter>
<var name="${num}">9</var>
<kw name="Log To Console" library="BuiltIn">
<arg>\n estou no numero: ${num} \n</arg>
<doc>Logs the given message to the console.</doc>
<status status="PASS" starttime="20211027 19:17:30.196" endtime="20211027 19:17:30.197"/>
</kw>
<status status="PASS" starttime="20211027 19:17:30.196" endtime="20211027 19:17:30.197"/>
</iter>
<iter>
<var name="${num}">10</var>
<kw name="Log To Console" library="BuiltIn">
<arg>\n estou no numero: ${num} \n</arg>
<doc>Logs the given message to the console.</doc>
<status status="PASS" starttime="20211027 19:17:30.197" endtime="20211027 19:17:30.197"/>
</kw>
<status status="PASS" starttime="20211027 19:17:30.197" endtime="20211027 19:17:30.197"/>
</iter>
<iter>
<var name="${num}">11</var>
<kw name="Log To Console" library="BuiltIn">
<arg>\n estou no numero: ${num} \n</arg>
<doc>Logs the given message to the console.</doc>
<status status="PASS" starttime="20211027 19:17:30.198" endtime="20211027 19:17:30.198"/>
</kw>
<status status="PASS" starttime="20211027 19:17:30.198" endtime="20211027 19:17:30.198"/>
</iter>
<iter>
<var name="${num}">12</var>
<kw name="Log To Console" library="BuiltIn">
<arg>\n estou no numero: ${num} \n</arg>
<doc>Logs the given message to the console.</doc>
<status status="PASS" starttime="20211027 19:17:30.199" endtime="20211027 19:17:30.199"/>
</kw>
<status status="PASS" starttime="20211027 19:17:30.199" endtime="20211027 19:17:30.199"/>
</iter>
<iter>
<var name="${num}">13</var>
<kw name="Log To Console" library="BuiltIn">
<arg>\n estou no numero: ${num} \n</arg>
<doc>Logs the given message to the console.</doc>
<status status="PASS" starttime="20211027 19:17:30.199" endtime="20211027 19:17:30.200"/>
</kw>
<status status="PASS" starttime="20211027 19:17:30.199" endtime="20211027 19:17:30.200"/>
</iter>
<iter>
<var name="${num}">14</var>
<kw name="Log To Console" library="BuiltIn">
<arg>\n estou no numero: ${num} \n</arg>
<doc>Logs the given message to the console.</doc>
<status status="PASS" starttime="20211027 19:17:30.200" endtime="20211027 19:17:30.201"/>
</kw>
<status status="PASS" starttime="20211027 19:17:30.200" endtime="20211027 19:17:30.201"/>
</iter>
<iter>
<var name="${num}">15</var>
<kw name="Log To Console" library="BuiltIn">
<arg>\n estou no numero: ${num} \n</arg>
<doc>Logs the given message to the console.</doc>
<status status="PASS" starttime="20211027 19:17:30.201" endtime="20211027 19:17:30.201"/>
</kw>
<status status="PASS" starttime="20211027 19:17:30.201" endtime="20211027 19:17:30.201"/>
</iter>
<iter>
<var name="${num}">16</var>
<kw name="Log To Console" library="BuiltIn">
<arg>\n estou no numero: ${num} \n</arg>
<doc>Logs the given message to the console.</doc>
<status status="PASS" starttime="20211027 19:17:30.202" endtime="20211027 19:17:30.202"/>
</kw>
<status status="PASS" starttime="20211027 19:17:30.201" endtime="20211027 19:17:30.202"/>
</iter>
<iter>
<var name="${num}">17</var>
<kw name="Log To Console" library="BuiltIn">
<arg>\n estou no numero: ${num} \n</arg>
<doc>Logs the given message to the console.</doc>
<status status="PASS" starttime="20211027 19:17:30.202" endtime="20211027 19:17:30.203"/>
</kw>
<status status="PASS" starttime="20211027 19:17:30.202" endtime="20211027 19:17:30.203"/>
</iter>
<iter>
<var name="${num}">18</var>
<kw name="Log To Console" library="BuiltIn">
<arg>\n estou no numero: ${num} \n</arg>
<doc>Logs the given message to the console.</doc>
<status status="PASS" starttime="20211027 19:17:30.203" endtime="20211027 19:17:30.204"/>
</kw>
<status status="PASS" starttime="20211027 19:17:30.203" endtime="20211027 19:17:30.204"/>
</iter>
<iter>
<var name="${num}">19</var>
<kw name="Log To Console" library="BuiltIn">
<arg>\n estou no numero: ${num} \n</arg>
<doc>Logs the given message to the console.</doc>
<status status="PASS" starttime="20211027 19:17:30.204" endtime="20211027 19:17:30.204"/>
</kw>
<status status="PASS" starttime="20211027 19:17:30.204" endtime="20211027 19:17:30.204"/>
</iter>
<status status="PASS" starttime="20211027 19:17:30.189" endtime="20211027 19:17:30.204"/>
</for>
<status status="PASS" starttime="20211027 19:17:30.188" endtime="20211027 19:17:30.204"/>
</kw>
<status status="PASS" starttime="20211027 19:17:30.188" endtime="20211027 19:17:30.205"/>
</test>
<test id="s1-s1-t2" name="Cenario: falando os paises nos quais já vizitamos">
<kw name="contando em que pais viajamos" library="resource">
<for flavor="IN">
<var>${pais}</var>
<value>@{lista_pais}</value>
<iter>
<var name="${pais}">França</var>
<kw name="Log To Console" library="BuiltIn">
<arg>\n Já viajamos por ${pais} \n</arg>
<doc>Logs the given message to the console.</doc>
<status status="PASS" starttime="20211027 19:17:30.207" endtime="20211027 19:17:30.207"/>
</kw>
<status status="PASS" starttime="20211027 19:17:30.207" endtime="20211027 19:17:30.207"/>
</iter>
<iter>
<var name="${pais}">Africa</var>
<kw name="Log To Console" library="BuiltIn">
<arg>\n Já viajamos por ${pais} \n</arg>
<doc>Logs the given message to the console.</doc>
<status status="PASS" starttime="20211027 19:17:30.207" endtime="20211027 19:17:30.208"/>
</kw>
<status status="PASS" starttime="20211027 19:17:30.207" endtime="20211027 19:17:30.208"/>
</iter>
<iter>
<var name="${pais}">Japão</var>
<kw name="Log To Console" library="BuiltIn">
<arg>\n Já viajamos por ${pais} \n</arg>
<doc>Logs the given message to the console.</doc>
<status status="PASS" starttime="20211027 19:17:30.208" endtime="20211027 19:17:30.209"/>
</kw>
<status status="PASS" starttime="20211027 19:17:30.208" endtime="20211027 19:17:30.209"/>
</iter>
<iter>
<var name="${pais}">Europa</var>
<kw name="Log To Console" library="BuiltIn">
<arg>\n Já viajamos por ${pais} \n</arg>
<doc>Logs the given message to the console.</doc>
<status status="PASS" starttime="20211027 19:17:30.209" endtime="20211027 19:17:30.210"/>
</kw>
<status status="PASS" starttime="20211027 19:17:30.209" endtime="20211027 19:17:30.210"/>
</iter>
<iter>
<var name="${pais}">USA</var>
<kw name="Log To Console" library="BuiltIn">
<arg>\n Já viajamos por ${pais} \n</arg>
<doc>Logs the given message to the console.</doc>
<status status="PASS" starttime="20211027 19:17:30.210" endtime="20211027 19:17:30.212"/>
</kw>
<status status="PASS" starttime="20211027 19:17:30.210" endtime="20211027 19:17:30.212"/>
</iter>
<status status="PASS" starttime="20211027 19:17:30.206" endtime="20211027 19:17:30.212"/>
</for>
<status status="PASS" starttime="20211027 19:17:30.206" endtime="20211027 19:17:30.212"/>
</kw>
<status status="PASS" starttime="20211027 19:17:30.205" endtime="20211027 19:17:30.213"/>
</test>
<status status="PASS" starttime="20211027 19:17:30.184" endtime="20211027 19:17:30.215"/>
</suite>
<status status="PASS" starttime="20211027 19:17:30.161" endtime="20211027 19:17:30.216"/>
</suite>
<statistics>
<total>
<stat pass="2" fail="0" skip="0">All Tests</stat>
</total>
<tag>
</tag>
<suite>
<stat pass="2" fail="0" skip="0" id="s1" name="For">For</stat>
<stat pass="2" fail="0" skip="0" id="s1-s1" name="Test For">For.Test For</stat>
</suite>
</statistics>
<errors>
</errors>
</robot>
