<?xml version="1.0" encoding="UTF-8"?>
<robot generator="Robot 4.1.2 (Python 3.9.7 on win32)" generated="20211027 20:04:55.556" rpa="false" schemaversion="2">
<suite id="s1" name="Setup Teardown" source="C:\Projects\Prime\PrimeExperts_25_10_21\prime_experts_turma_4\setup_teardown">
<suite id="s1-s1" name="Test Setup Teardown" source="C:\Projects\Prime\PrimeExperts_25_10_21\prime_experts_turma_4\setup_teardown\test_setup_teardown.robot">
<kw name="estou execuntando antes de tudo e todos" library="resource" type="SETUP">
<msg timestamp="20211027 20:04:55.586" level="TRACE">Arguments: [  ]</msg>
<kw name="Log To Console" library="BuiltIn">
<arg>\n\nestou execuntando no setup da suite de testes\n</arg>
<doc>Logs the given message to the console.</doc>
<msg timestamp="20211027 20:04:55.586" level="TRACE">Arguments: [ '\n\nestou execuntando no setup da suite de testes\n' ]</msg>
<msg timestamp="20211027 20:04:55.586" level="TRACE">Return: None</msg>
<status status="PASS" starttime="20211027 20:04:55.586" endtime="20211027 20:04:55.586"/>
</kw>
<msg timestamp="20211027 20:04:55.587" level="TRACE">Return: None</msg>
<status status="PASS" starttime="20211027 20:04:55.585" endtime="20211027 20:04:55.587"/>
</kw>
<test id="s1-s1-t1" name="Cenario: brincando com setups e teardowns">
<kw name="estou execuntando antes do teste2" library="resource" type="SETUP">
<msg timestamp="20211027 20:04:55.587" level="TRACE">Arguments: [  ]</msg>
<kw name="Log To Console" library="BuiltIn">
<arg>\n\nestou execuntando no setup do teste 2\n</arg>
<doc>Logs the given message to the console.</doc>
<msg timestamp="20211027 20:04:55.588" level="TRACE">Arguments: [ '\n\nestou execuntando no setup do teste 2\n' ]</msg>
<msg timestamp="20211027 20:04:55.588" level="TRACE">Return: None</msg>
<status status="PASS" starttime="20211027 20:04:55.588" endtime="20211027 20:04:55.588"/>
</kw>
<msg timestamp="20211027 20:04:55.589" level="TRACE">Return: None</msg>
<status status="PASS" starttime="20211027 20:04:55.587" endtime="20211027 20:04:55.589"/>
</kw>
<kw name="Log To Cosole">
<arg>\n\nExecutando meu cenario !!!\n</arg>
<msg timestamp="20211027 20:04:55.590" level="FAIL">No keyword with name 'Log To Cosole' found. Did you mean:
    BuiltIn.Log To Console</msg>
<status status="FAIL" starttime="20211027 20:04:55.590" endtime="20211027 20:04:55.590"/>
</kw>
<kw name="estou execuntando depois do teste2" library="resource" type="TEARDOWN">
<msg timestamp="20211027 20:04:55.592" level="TRACE">Arguments: [  ]</msg>
<kw name="Log To Console" library="BuiltIn">
<arg>\n\nestou execuntando no teardown do teste 2\n</arg>
<doc>Logs the given message to the console.</doc>
<msg timestamp="20211027 20:04:55.592" level="TRACE">Arguments: [ '\n\nestou execuntando no teardown do teste 2\n' ]</msg>
<msg timestamp="20211027 20:04:55.593" level="TRACE">Return: None</msg>
<status status="PASS" starttime="20211027 20:04:55.592" endtime="20211027 20:04:55.593"/>
</kw>
<msg timestamp="20211027 20:04:55.593" level="TRACE">Return: None</msg>
<status status="PASS" starttime="20211027 20:04:55.591" endtime="20211027 20:04:55.593"/>
</kw>
<status status="FAIL" starttime="20211027 20:04:55.587" endtime="20211027 20:04:55.593">No keyword with name 'Log To Cosole' found. Did you mean:
    BuiltIn.Log To Console</status>
</test>
<kw name="estou execuntando depois de tudo e todos" library="resource" type="TEARDOWN">
<msg timestamp="20211027 20:04:55.595" level="TRACE">Arguments: [  ]</msg>
<kw name="Log To Console" library="BuiltIn">
<arg>\n\nestou execuntando no teardown da suite de testes\n</arg>
<doc>Logs the given message to the console.</doc>
<msg timestamp="20211027 20:04:55.595" level="TRACE">Arguments: [ '\n\nestou execuntando no teardown da suite de testes\n' ]</msg>
<msg timestamp="20211027 20:04:55.596" level="TRACE">Return: None</msg>
<status status="PASS" starttime="20211027 20:04:55.595" endtime="20211027 20:04:55.596"/>
</kw>
<msg timestamp="20211027 20:04:55.596" level="TRACE">Return: None</msg>
<status status="PASS" starttime="20211027 20:04:55.595" endtime="20211027 20:04:55.596"/>
</kw>
<status status="FAIL" starttime="20211027 20:04:55.582" endtime="20211027 20:04:55.596"/>
</suite>
<status status="FAIL" starttime="20211027 20:04:55.557" endtime="20211027 20:04:55.597"/>
</suite>
<statistics>
<total>
<stat pass="0" fail="1" skip="0">All Tests</stat>
</total>
<tag>
</tag>
<suite>
<stat pass="0" fail="1" skip="0" id="s1" name="Setup Teardown">Setup Teardown</stat>
<stat pass="0" fail="1" skip="0" id="s1-s1" name="Test Setup Teardown">Setup Teardown.Test Setup Teardown</stat>
</suite>
</statistics>
<errors>
</errors>
</robot>
